#! /usr/bin/vvp
:ivl_version "0.9.7 " "(v0_9_7)";
:vpi_time_precision + 0;
:vpi_module "system";
:vpi_module "v2005_math";
:vpi_module "va_math";
S_0x273f0a0 .scope module, "hello_world" "hello_world" 2 37;
 .timescale 0 0;
    .scope S_0x273f0a0;
T_0 ;
    %vpi_call 2 40 "$display", "Hello World by Deepak";
    %delay 10, 0;
    %vpi_call 2 41 "$finish";
    %end;
    .thread T_0;
# The file index is used to find the file name in the following table.
:file_names 3;
    "N/A";
    "<interactive>";
    "16CO235-VD2.V";
